[2022-07-01 22:30:33,105] {manager.py:480} INFO - Processing files using up to 2 processes at a time 
[2022-07-01 22:30:33,111] {manager.py:481} INFO - Process each file at most once every 30 seconds
[2022-07-01 22:30:33,111] {manager.py:483} INFO - Checking for new files in /opt/airflow/dags every 300 seconds
[2022-07-01 22:30:33,112] {manager.py:690} INFO - Searching for files in /opt/airflow/dags
[2022-07-01 22:30:33,113] {manager.py:693} INFO - There are 1 files in /opt/airflow/dags
[2022-07-01 22:30:33,710] {manager.py:809} INFO - 
================================================================================
DAG File Processing Stats

File Path                              PID  Runtime      # DAGs    # Errors  Last Runtime    Last Run
-----------------------------------  -----  ---------  --------  ----------  --------------  ----------
/opt/airflow/dags/data_ingestion.py     64  0.04s             0           0
================================================================================
[2022-07-01 22:31:04,648] {manager.py:809} INFO - 
================================================================================
DAG File Processing Stats

File Path                              PID  Runtime      # DAGs    # Errors  Last Runtime    Last Run
-----------------------------------  -----  ---------  --------  ----------  --------------  -------------------
/opt/airflow/dags/data_ingestion.py     82  0.01s             0           1  0.45s           2022-07-01T22:30:34
================================================================================
[2022-07-01 22:31:34,721] {manager.py:809} INFO - 
================================================================================
DAG File Processing Stats

File Path                            PID    Runtime      # DAGs    # Errors  Last Runtime    Last Run
-----------------------------------  -----  ---------  --------  ----------  --------------  -------------------
/opt/airflow/dags/data_ingestion.py                           0           1  6.14s           2022-07-01T22:31:10
================================================================================
[2022-07-01 22:32:04,926] {manager.py:809} INFO - 
================================================================================
DAG File Processing Stats

File Path                            PID    Runtime      # DAGs    # Errors  Last Runtime    Last Run
-----------------------------------  -----  ---------  --------  ----------  --------------  -------------------
/opt/airflow/dags/data_ingestion.py                           0           1  0.28s           2022-07-01T22:31:41
================================================================================
[2022-07-01 22:32:35,281] {manager.py:809} INFO - 
================================================================================
DAG File Processing Stats

File Path                            PID    Runtime      # DAGs    # Errors  Last Runtime    Last Run
-----------------------------------  -----  ---------  --------  ----------  --------------  -------------------
/opt/airflow/dags/data_ingestion.py                           0           1  0.13s           2022-07-01T22:32:11
================================================================================
[2022-07-01 22:33:05,459] {manager.py:809} INFO - 
================================================================================
DAG File Processing Stats

File Path                            PID    Runtime      # DAGs    # Errors  Last Runtime    Last Run
-----------------------------------  -----  ---------  --------  ----------  --------------  -------------------
/opt/airflow/dags/data_ingestion.py                           0           1  1.02s           2022-07-01T22:32:42
================================================================================
[2022-07-01 22:33:35,547] {manager.py:809} INFO - 
================================================================================
DAG File Processing Stats

File Path                            PID    Runtime      # DAGs    # Errors  Last Runtime    Last Run
-----------------------------------  -----  ---------  --------  ----------  --------------  -------------------
/opt/airflow/dags/data_ingestion.py                           0           1  0.61s           2022-07-01T22:33:13
================================================================================
[2022-07-01 22:34:05,609] {manager.py:809} INFO - 
================================================================================
DAG File Processing Stats

File Path                            PID    Runtime      # DAGs    # Errors  Last Runtime    Last Run
-----------------------------------  -----  ---------  --------  ----------  --------------  -------------------
/opt/airflow/dags/data_ingestion.py                           0           1  1.77s           2022-07-01T22:33:44
================================================================================
[2022-07-01 22:34:36,098] {manager.py:809} INFO - 
================================================================================
DAG File Processing Stats

File Path                            PID    Runtime      # DAGs    # Errors  Last Runtime    Last Run
-----------------------------------  -----  ---------  --------  ----------  --------------  -------------------
/opt/airflow/dags/data_ingestion.py                           0           1  0.18s           2022-07-01T22:34:15
================================================================================
[2022-07-01 22:35:06,321] {manager.py:809} INFO - 
================================================================================
DAG File Processing Stats

File Path                            PID    Runtime      # DAGs    # Errors  Last Runtime    Last Run
-----------------------------------  -----  ---------  --------  ----------  --------------  -------------------
/opt/airflow/dags/data_ingestion.py                           0           1  0.23s           2022-07-01T22:34:45
================================================================================
[2022-07-01 22:35:33,612] {manager.py:690} INFO - Searching for files in /opt/airflow/dags
[2022-07-01 22:35:33,614] {manager.py:693} INFO - There are 1 files in /opt/airflow/dags
[2022-07-01 22:35:36,643] {manager.py:809} INFO - 
================================================================================
DAG File Processing Stats

File Path                            PID    Runtime      # DAGs    # Errors  Last Runtime    Last Run
-----------------------------------  -----  ---------  --------  ----------  --------------  -------------------
/opt/airflow/dags/data_ingestion.py                           0           1  0.20s           2022-07-01T22:35:15
================================================================================
[2022-07-01 22:36:06,860] {manager.py:809} INFO - 
================================================================================
DAG File Processing Stats

File Path                            PID    Runtime      # DAGs    # Errors  Last Runtime    Last Run
-----------------------------------  -----  ---------  --------  ----------  --------------  -------------------
/opt/airflow/dags/data_ingestion.py                           0           1  0.23s           2022-07-01T22:35:46
================================================================================
[2022-07-01 22:36:37,213] {manager.py:809} INFO - 
================================================================================
DAG File Processing Stats

File Path                            PID    Runtime      # DAGs    # Errors  Last Runtime    Last Run
-----------------------------------  -----  ---------  --------  ----------  --------------  -------------------
/opt/airflow/dags/data_ingestion.py                           0           1  0.13s           2022-07-01T22:36:16
================================================================================
[2022-07-01 22:37:07,392] {manager.py:809} INFO - 
================================================================================
DAG File Processing Stats

File Path                            PID    Runtime      # DAGs    # Errors  Last Runtime    Last Run
-----------------------------------  -----  ---------  --------  ----------  --------------  -------------------
/opt/airflow/dags/data_ingestion.py                           0           1  0.13s           2022-07-01T22:36:46
================================================================================
[2022-07-01 22:37:37,584] {manager.py:809} INFO - 
================================================================================
DAG File Processing Stats

File Path                            PID    Runtime      # DAGs    # Errors  Last Runtime    Last Run
-----------------------------------  -----  ---------  --------  ----------  --------------  -------------------
/opt/airflow/dags/data_ingestion.py                           0           1  0.28s           2022-07-01T22:37:16
================================================================================
[2022-07-01 22:38:07,929] {manager.py:809} INFO - 
================================================================================
DAG File Processing Stats

File Path                            PID    Runtime      # DAGs    # Errors  Last Runtime    Last Run
-----------------------------------  -----  ---------  --------  ----------  --------------  -------------------
/opt/airflow/dags/data_ingestion.py                           0           1  0.15s           2022-07-01T22:37:47
================================================================================
[2022-07-01 22:38:38,131] {manager.py:809} INFO - 
================================================================================
DAG File Processing Stats

File Path                            PID    Runtime      # DAGs    # Errors  Last Runtime    Last Run
-----------------------------------  -----  ---------  --------  ----------  --------------  -------------------
/opt/airflow/dags/data_ingestion.py                           0           1  0.27s           2022-07-01T22:38:17
================================================================================
[2022-07-01 22:39:08,460] {manager.py:809} INFO - 
================================================================================
DAG File Processing Stats

File Path                            PID    Runtime      # DAGs    # Errors  Last Runtime    Last Run
-----------------------------------  -----  ---------  --------  ----------  --------------  -------------------
/opt/airflow/dags/data_ingestion.py                           0           1  0.26s           2022-07-01T22:38:47
================================================================================
[2022-07-01 22:39:38,786] {manager.py:809} INFO - 
================================================================================
DAG File Processing Stats

File Path                            PID    Runtime      # DAGs    # Errors  Last Runtime    Last Run
-----------------------------------  -----  ---------  --------  ----------  --------------  -------------------
/opt/airflow/dags/data_ingestion.py                           0           1  0.22s           2022-07-01T22:39:17
================================================================================
[2022-07-01 22:40:09,055] {manager.py:809} INFO - 
================================================================================
DAG File Processing Stats

File Path                            PID    Runtime      # DAGs    # Errors  Last Runtime    Last Run
-----------------------------------  -----  ---------  --------  ----------  --------------  -------------------
/opt/airflow/dags/data_ingestion.py                           0           1  0.25s           2022-07-01T22:39:48
================================================================================
[2022-07-01 22:40:34,353] {manager.py:690} INFO - Searching for files in /opt/airflow/dags
[2022-07-01 22:40:34,355] {manager.py:693} INFO - There are 1 files in /opt/airflow/dags
[2022-07-01 22:40:39,385] {manager.py:809} INFO - 
================================================================================
DAG File Processing Stats

File Path                            PID    Runtime      # DAGs    # Errors  Last Runtime    Last Run
-----------------------------------  -----  ---------  --------  ----------  --------------  -------------------
/opt/airflow/dags/data_ingestion.py                           0           1  0.18s           2022-07-01T22:40:18
================================================================================
[2022-07-01 22:41:09,628] {manager.py:809} INFO - 
================================================================================
DAG File Processing Stats

File Path                            PID    Runtime      # DAGs    # Errors  Last Runtime    Last Run
-----------------------------------  -----  ---------  --------  ----------  --------------  -------------------
/opt/airflow/dags/data_ingestion.py                           0           1  0.15s           2022-07-01T22:40:48
================================================================================
[2022-07-01 22:41:39,831] {manager.py:809} INFO - 
================================================================================
DAG File Processing Stats

File Path                            PID    Runtime      # DAGs    # Errors  Last Runtime    Last Run
-----------------------------------  -----  ---------  --------  ----------  --------------  -------------------
/opt/airflow/dags/data_ingestion.py                           0           1  0.13s           2022-07-01T22:41:18
================================================================================
[2022-07-01 22:42:10,013] {manager.py:809} INFO - 
================================================================================
DAG File Processing Stats

File Path                            PID    Runtime      # DAGs    # Errors  Last Runtime    Last Run
-----------------------------------  -----  ---------  --------  ----------  --------------  -------------------
/opt/airflow/dags/data_ingestion.py                           0           1  0.21s           2022-07-01T22:41:49
================================================================================
[2022-07-01 22:42:40,277] {manager.py:809} INFO - 
================================================================================
DAG File Processing Stats

File Path                            PID    Runtime      # DAGs    # Errors  Last Runtime    Last Run
-----------------------------------  -----  ---------  --------  ----------  --------------  -------------------
/opt/airflow/dags/data_ingestion.py                           0           1  0.38s           2022-07-01T22:42:19
================================================================================
[2022-07-01 22:43:10,724] {manager.py:809} INFO - 
================================================================================
DAG File Processing Stats

File Path                            PID    Runtime      # DAGs    # Errors  Last Runtime    Last Run
-----------------------------------  -----  ---------  --------  ----------  --------------  -------------------
/opt/airflow/dags/data_ingestion.py                           0           1  0.19s           2022-07-01T22:42:49
================================================================================
[2022-07-01 22:43:40,971] {manager.py:809} INFO - 
================================================================================
DAG File Processing Stats

File Path                            PID    Runtime      # DAGs    # Errors  Last Runtime    Last Run
-----------------------------------  -----  ---------  --------  ----------  --------------  -------------------
/opt/airflow/dags/data_ingestion.py                           0           1  0.16s           2022-07-01T22:43:20
================================================================================
[2022-07-01 22:44:11,171] {manager.py:809} INFO - 
================================================================================
DAG File Processing Stats

File Path                            PID    Runtime      # DAGs    # Errors  Last Runtime    Last Run
-----------------------------------  -----  ---------  --------  ----------  --------------  -------------------
/opt/airflow/dags/data_ingestion.py                           0           1  0.43s           2022-07-01T22:43:50
================================================================================
[2022-07-01 22:44:41,687] {manager.py:809} INFO - 
================================================================================
DAG File Processing Stats

File Path                            PID    Runtime      # DAGs    # Errors  Last Runtime    Last Run
-----------------------------------  -----  ---------  --------  ----------  --------------  -------------------
/opt/airflow/dags/data_ingestion.py                           0           1  0.11s           2022-07-01T22:44:20
================================================================================
[2022-07-01 22:45:11,836] {manager.py:809} INFO - 
================================================================================
DAG File Processing Stats

File Path                            PID    Runtime      # DAGs    # Errors  Last Runtime    Last Run
-----------------------------------  -----  ---------  --------  ----------  --------------  -------------------
/opt/airflow/dags/data_ingestion.py                           0           1  0.17s           2022-07-01T22:44:50
================================================================================
[2022-07-01 22:45:35,058] {manager.py:690} INFO - Searching for files in /opt/airflow/dags
[2022-07-01 22:45:35,061] {manager.py:693} INFO - There are 1 files in /opt/airflow/dags
[2022-07-01 22:45:42,104] {manager.py:809} INFO - 
================================================================================
DAG File Processing Stats

File Path                            PID    Runtime      # DAGs    # Errors  Last Runtime    Last Run
-----------------------------------  -----  ---------  --------  ----------  --------------  -------------------
/opt/airflow/dags/data_ingestion.py                           0           1  0.15s           2022-07-01T22:45:21
================================================================================
[2022-07-01 22:46:12,274] {manager.py:809} INFO - 
================================================================================
DAG File Processing Stats

File Path                            PID    Runtime      # DAGs    # Errors  Last Runtime    Last Run
-----------------------------------  -----  ---------  --------  ----------  --------------  -------------------
/opt/airflow/dags/data_ingestion.py                           0           1  0.15s           2022-07-01T22:45:51
================================================================================
[2022-07-01 22:46:42,486] {manager.py:809} INFO - 
================================================================================
DAG File Processing Stats

File Path                            PID    Runtime      # DAGs    # Errors  Last Runtime    Last Run
-----------------------------------  -----  ---------  --------  ----------  --------------  -------------------
/opt/airflow/dags/data_ingestion.py                           0           1  0.09s           2022-07-01T22:46:21
================================================================================
[2022-07-01 22:47:12,638] {manager.py:809} INFO - 
================================================================================
DAG File Processing Stats

File Path                            PID    Runtime      # DAGs    # Errors  Last Runtime    Last Run
-----------------------------------  -----  ---------  --------  ----------  --------------  -------------------
/opt/airflow/dags/data_ingestion.py                           0           1  0.24s           2022-07-01T22:46:51
================================================================================
[2022-07-01 22:47:42,952] {manager.py:809} INFO - 
================================================================================
DAG File Processing Stats

File Path                            PID    Runtime      # DAGs    # Errors  Last Runtime    Last Run
-----------------------------------  -----  ---------  --------  ----------  --------------  -------------------
/opt/airflow/dags/data_ingestion.py                           0           1  0.11s           2022-07-01T22:47:21
================================================================================
[2022-07-01 22:48:13,105] {manager.py:809} INFO - 
================================================================================
DAG File Processing Stats

File Path                            PID    Runtime      # DAGs    # Errors  Last Runtime    Last Run
-----------------------------------  -----  ---------  --------  ----------  --------------  -------------------
/opt/airflow/dags/data_ingestion.py                           0           1  0.25s           2022-07-01T22:47:52
================================================================================
[2022-07-01 22:48:43,424] {manager.py:809} INFO - 
================================================================================
DAG File Processing Stats

File Path                            PID    Runtime      # DAGs    # Errors  Last Runtime    Last Run
-----------------------------------  -----  ---------  --------  ----------  --------------  -------------------
/opt/airflow/dags/data_ingestion.py                           0           1  0.12s           2022-07-01T22:48:22
================================================================================
